app/build/intermediates/manifest_merge_blame_file/debug/manifest-merger-blame-debug-report.txt
1<?xml version="1.0" encoding="utf-8"?>
2<manifest xmlns:android="http://schemas.android.com/apk/res/android"
3    package="com.example.licenta"
4    android:versionCode="1"
5    android:versionName="1.0" >
6
7    <uses-sdk
8        android:minSdkVersion="26"
8-->src/main/AndroidManifest.xml
9        android:targetSdkVersion="31" />
9-->src/main/AndroidManifest.xml
10
11    <!--
12         The ACCESS_COARSE/FINE_LOCATION permissions are not required to use
13         Google Maps Android API v2, but you must specify either coarse or fine
14         location permissions for the "MyLocation" functionality.
15    -->
16    <uses-permission android:name="android.permission.ACCESS_FINE_LOCATION" />
16-->src/main/AndroidManifest.xml:10:5-79
16-->src/main/AndroidManifest.xml:10:22-76
17    <uses-permission android:name="android.permission.ACCESS_NETWORK_STATE" />
17-->src/main/AndroidManifest.xml:11:5-79
17-->src/main/AndroidManifest.xml:11:22-76
18    <uses-permission android:name="android.permission.INTERNET" />
18-->src/main/AndroidManifest.xml:12:5-67
18-->src/main/AndroidManifest.xml:12:22-64
19    <uses-permission android:name="android.permission.ACCESS_WIFI_STATE" />
19-->src/main/AndroidManifest.xml:13:5-76
19-->src/main/AndroidManifest.xml:13:22-73
20    <uses-permission android:name="android.permission.CAMERA" />
20-->src/main/AndroidManifest.xml:14:5-65
20-->src/main/AndroidManifest.xml:14:22-62
21    <uses-permission android:name="android.permission.ACCESS_COARSE_LOCATION" />
21-->src/main/AndroidManifest.xml:15:5-81
21-->src/main/AndroidManifest.xml:15:22-78
22
23    <uses-feature
23-->[com.google.android.gms:play-services-maps:18.0.2] AndroidManifest.xml:26:5-28:35
24        android:glEsVersion="0x00020000"
24-->[com.google.android.gms:play-services-maps:18.0.2] AndroidManifest.xml:27:9-41
25        android:required="true" />
25-->[com.google.android.gms:play-services-maps:18.0.2] AndroidManifest.xml:28:9-32
26
27    <queries>
27-->[com.google.android.gms:play-services-maps:18.0.2] AndroidManifest.xml:30:5-34:15
28
29        <!-- Needs to be explicitly declared on Android R+ -->
30        <package android:name="com.google.android.apps.maps" />
30-->[com.google.android.gms:play-services-maps:18.0.2] AndroidManifest.xml:33:9-64
30-->[com.google.android.gms:play-services-maps:18.0.2] AndroidManifest.xml:33:18-61
31    </queries>
32
33    <uses-permission android:name="android.permission.WAKE_LOCK" />
33-->[com.google.android.gms:play-services-measurement-api:20.0.0] AndroidManifest.xml:24:5-68
33-->[com.google.android.gms:play-services-measurement-api:20.0.0] AndroidManifest.xml:24:22-65
34    <uses-permission android:name="com.google.android.finsky.permission.BIND_GET_INSTALL_REFERRER_SERVICE" />
34-->[com.google.android.gms:play-services-measurement:20.0.0] AndroidManifest.xml:26:5-110
34-->[com.google.android.gms:play-services-measurement:20.0.0] AndroidManifest.xml:26:22-107
35
36    <application
36-->src/main/AndroidManifest.xml:17:5-85:19
37        android:allowBackup="true"
37-->src/main/AndroidManifest.xml:18:9-35
38        android:appComponentFactory="androidx.core.app.CoreComponentFactory"
38-->[androidx.core:core:1.7.0] AndroidManifest.xml:24:18-86
39        android:debuggable="true"
40        android:extractNativeLibs="false"
41        android:icon="@mipmap/ic_launcher"
41-->src/main/AndroidManifest.xml:19:9-43
42        android:label="@string/app_name"
42-->src/main/AndroidManifest.xml:20:9-41
43        android:roundIcon="@mipmap/ic_launcher_round"
43-->src/main/AndroidManifest.xml:21:9-54
44        android:supportsRtl="true"
44-->src/main/AndroidManifest.xml:22:9-35
45        android:testOnly="true"
46        android:theme="@style/Theme.Licenta" >
46-->src/main/AndroidManifest.xml:23:9-45
47
48        <!--
49             The API key for Google Maps-based APIs is defined as a string resource.
50             (See the file "res/values/google_maps_api.xml").
51             Note that the API key is linked to the encryption key used to sign the APK.
52             You need a different API key for each encryption key, including the release key that is used to
53             sign the APK for publishing.
54             You can define the keys for the debug and release targets in src/debug/ and src/release/.
55        -->
56        <meta-data
56-->src/main/AndroidManifest.xml:33:9-35:55
57            android:name="com.google.android.geo.API_KEY"
57-->src/main/AndroidManifest.xml:34:13-58
58            android:value="@string/google_maps_key" />
58-->src/main/AndroidManifest.xml:35:13-52
59        <meta-data
59-->src/main/AndroidManifest.xml:36:9-38:69
60            android:name="com.google.android.gms.version"
60-->src/main/AndroidManifest.xml:37:13-58
61            android:value="@integer/google_play_services_version" />
61-->src/main/AndroidManifest.xml:38:13-66
62
63        <activity
63-->src/main/AndroidManifest.xml:40:9-42:40
64            android:name="com.example.licenta.activity.diary.AddCustomExerciseActivity"
64-->src/main/AndroidManifest.xml:41:13-69
65            android:exported="false" />
65-->src/main/AndroidManifest.xml:42:13-37
66
67        <meta-data
67-->src/main/AndroidManifest.xml:44:9-46:39
68            android:name="com.google.mlkit.vision.DEPENDENCIES"
68-->src/main/AndroidManifest.xml:45:13-64
69            android:value="barcode" />
69-->src/main/AndroidManifest.xml:46:13-36
70
71        <activity
71-->src/main/AndroidManifest.xml:48:9-50:39
72            android:name="com.example.licenta.activity.diary.RegisterFoodToDbActivity"
72-->src/main/AndroidManifest.xml:49:13-68
73            android:exported="true" />
73-->src/main/AndroidManifest.xml:50:13-36
74        <activity
74-->src/main/AndroidManifest.xml:51:9-53:39
75            android:name="com.example.licenta.activity.diary.FoodInfoActivity"
75-->src/main/AndroidManifest.xml:52:13-60
76            android:exported="true" />
76-->src/main/AndroidManifest.xml:53:13-36
77        <activity
77-->src/main/AndroidManifest.xml:54:9-56:39
78            android:name="com.example.licenta.activity.camera.ScanBarcodeActivity"
78-->src/main/AndroidManifest.xml:55:13-64
79            android:exported="true" />
79-->src/main/AndroidManifest.xml:56:13-36
80        <activity
80-->src/main/AndroidManifest.xml:57:9-59:39
81            android:name="com.example.licenta.activity.SetGoalsActivity"
81-->src/main/AndroidManifest.xml:58:13-54
82            android:exported="true" />
82-->src/main/AndroidManifest.xml:59:13-36
83        <activity
83-->src/main/AndroidManifest.xml:60:9-62:39
84            android:name="com.example.licenta.activity.diary.AddFoodActivity"
84-->src/main/AndroidManifest.xml:61:13-59
85            android:exported="true" />
85-->src/main/AndroidManifest.xml:62:13-36
86        <activity
86-->src/main/AndroidManifest.xml:63:9-65:39
87            android:name="com.example.licenta.activity.diary.AddExerciseActivity"
87-->src/main/AndroidManifest.xml:64:13-63
88            android:exported="true" />
88-->src/main/AndroidManifest.xml:65:13-36
89        <activity
89-->src/main/AndroidManifest.xml:66:9-68:39
90            android:name="com.example.licenta.activity.MainActivity"
90-->src/main/AndroidManifest.xml:67:13-50
91            android:exported="true" />
91-->src/main/AndroidManifest.xml:68:13-36
92        <activity
92-->src/main/AndroidManifest.xml:69:9-71:39
93            android:name="com.example.licenta.activity.LoadingActivity"
93-->src/main/AndroidManifest.xml:70:13-53
94            android:exported="true" />
94-->src/main/AndroidManifest.xml:71:13-36
95        <activity
95-->src/main/AndroidManifest.xml:72:9-74:39
96            android:name="com.example.licenta.activity.auth.RegisterActivity"
96-->src/main/AndroidManifest.xml:73:13-59
97            android:exported="true" />
97-->src/main/AndroidManifest.xml:74:13-36
98        <activity
98-->src/main/AndroidManifest.xml:75:9-84:20
99            android:name="com.example.licenta.activity.auth.LoginActivity"
99-->src/main/AndroidManifest.xml:76:13-56
100            android:exported="true"
100-->src/main/AndroidManifest.xml:77:13-36
101            android:launchMode="singleTask" >
101-->src/main/AndroidManifest.xml:78:13-44
102            <intent-filter>
102-->src/main/AndroidManifest.xml:79:13-83:29
103                <action android:name="android.intent.action.MAIN" />
103-->src/main/AndroidManifest.xml:80:17-69
103-->src/main/AndroidManifest.xml:80:25-66
104
105                <category android:name="android.intent.category.LAUNCHER" />
105-->src/main/AndroidManifest.xml:82:17-77
105-->src/main/AndroidManifest.xml:82:27-74
106            </intent-filter>
107        </activity>
108        <activity
108-->[com.google.android.libraries.places:places:2.5.0] AndroidManifest.xml:14:9-20:20
109            android:name="com.google.android.libraries.places.widget.AutocompleteActivity"
109-->[com.google.android.libraries.places:places:2.5.0] AndroidManifest.xml:15:13-91
110            android:exported="false"
110-->[com.google.android.libraries.places:places:2.5.0] AndroidManifest.xml:16:13-37
111            android:label="@string/places_autocomplete_label"
111-->[com.google.android.libraries.places:places:2.5.0] AndroidManifest.xml:17:13-62
112            android:theme="@style/PlacesAutocompleteOverlay"
112-->[com.google.android.libraries.places:places:2.5.0] AndroidManifest.xml:18:13-61
113            android:windowSoftInputMode="adjustResize" >
113-->[com.google.android.libraries.places:places:2.5.0] AndroidManifest.xml:19:13-55
114        </activity> <!-- Needs to be explicitly declared on P+ -->
115        <uses-library
115-->[com.google.android.gms:play-services-maps:18.0.2] AndroidManifest.xml:39:9-41:40
116            android:name="org.apache.http.legacy"
116-->[com.google.android.gms:play-services-maps:18.0.2] AndroidManifest.xml:40:13-50
117            android:required="false" />
117-->[com.google.android.gms:play-services-maps:18.0.2] AndroidManifest.xml:41:13-37
118
119        <service
119-->[com.google.android.gms:play-services-mlkit-barcode-scanning:17.0.0] AndroidManifest.xml:9:9-15:19
120            android:name="com.google.mlkit.common.internal.MlKitComponentDiscoveryService"
120-->[com.google.android.gms:play-services-mlkit-barcode-scanning:17.0.0] AndroidManifest.xml:10:13-91
121            android:directBootAware="true"
121-->[com.google.mlkit:common:17.5.0] AndroidManifest.xml:17:13-43
122            android:exported="false" >
122-->[com.google.android.gms:play-services-mlkit-barcode-scanning:17.0.0] AndroidManifest.xml:11:13-37
123            <meta-data
123-->[com.google.android.gms:play-services-mlkit-barcode-scanning:17.0.0] AndroidManifest.xml:12:13-14:85
124                android:name="com.google.firebase.components:com.google.mlkit.vision.barcode.internal.BarcodeRegistrar"
124-->[com.google.android.gms:play-services-mlkit-barcode-scanning:17.0.0] AndroidManifest.xml:13:17-120
125                android:value="com.google.firebase.components.ComponentRegistrar" />
125-->[com.google.android.gms:play-services-mlkit-barcode-scanning:17.0.0] AndroidManifest.xml:14:17-82
126            <meta-data
126-->[com.google.mlkit:vision-common:16.7.0] AndroidManifest.xml:12:13-14:85
127                android:name="com.google.firebase.components:com.google.mlkit.vision.common.internal.VisionCommonRegistrar"
127-->[com.google.mlkit:vision-common:16.7.0] AndroidManifest.xml:13:17-124
128                android:value="com.google.firebase.components.ComponentRegistrar" />
128-->[com.google.mlkit:vision-common:16.7.0] AndroidManifest.xml:14:17-82
129            <meta-data
129-->[com.google.mlkit:common:17.5.0] AndroidManifest.xml:20:13-22:85
130                android:name="com.google.firebase.components:com.google.mlkit.common.internal.CommonComponentRegistrar"
130-->[com.google.mlkit:common:17.5.0] AndroidManifest.xml:21:17-120
131                android:value="com.google.firebase.components.ComponentRegistrar" />
131-->[com.google.mlkit:common:17.5.0] AndroidManifest.xml:22:17-82
132        </service>
133
134        <provider
134-->[com.google.mlkit:common:17.5.0] AndroidManifest.xml:9:9-13:38
135            android:name="com.google.mlkit.common.internal.MlKitInitProvider"
135-->[com.google.mlkit:common:17.5.0] AndroidManifest.xml:10:13-78
136            android:authorities="com.example.licenta.mlkitinitprovider"
136-->[com.google.mlkit:common:17.5.0] AndroidManifest.xml:11:13-69
137            android:exported="false"
137-->[com.google.mlkit:common:17.5.0] AndroidManifest.xml:12:13-37
138            android:initOrder="99" />
138-->[com.google.mlkit:common:17.5.0] AndroidManifest.xml:13:13-35
139
140        <service
140-->[com.google.firebase:firebase-firestore-ktx:24.0.0] AndroidManifest.xml:12:9-18:19
141            android:name="com.google.firebase.components.ComponentDiscoveryService"
141-->[com.google.firebase:firebase-firestore-ktx:24.0.0] AndroidManifest.xml:13:13-84
142            android:directBootAware="true"
142-->[com.google.firebase:firebase-common:20.0.0] AndroidManifest.xml:35:13-43
143            android:exported="false" >
143-->[com.google.firebase:firebase-firestore-ktx:24.0.0] AndroidManifest.xml:14:13-37
144            <meta-data
144-->[com.google.firebase:firebase-firestore-ktx:24.0.0] AndroidManifest.xml:15:13-17:85
145                android:name="com.google.firebase.components:com.google.firebase.firestore.ktx.FirebaseFirestoreKtxRegistrar"
145-->[com.google.firebase:firebase-firestore-ktx:24.0.0] AndroidManifest.xml:16:17-126
146                android:value="com.google.firebase.components.ComponentRegistrar" />
146-->[com.google.firebase:firebase-firestore-ktx:24.0.0] AndroidManifest.xml:17:17-82
147            <meta-data
147-->[com.google.firebase:firebase-firestore:24.0.0] AndroidManifest.xml:20:13-22:85
148                android:name="com.google.firebase.components:com.google.firebase.firestore.FirestoreRegistrar"
148-->[com.google.firebase:firebase-firestore:24.0.0] AndroidManifest.xml:21:17-111
149                android:value="com.google.firebase.components.ComponentRegistrar" />
149-->[com.google.firebase:firebase-firestore:24.0.0] AndroidManifest.xml:22:17-82
150            <meta-data
150-->[com.google.firebase:firebase-auth-ktx:21.0.1] AndroidManifest.xml:11:13-13:85
151                android:name="com.google.firebase.components:com.google.firebase.auth.ktx.FirebaseAuthKtxRegistrar"
151-->[com.google.firebase:firebase-auth-ktx:21.0.1] AndroidManifest.xml:12:17-116
152                android:value="com.google.firebase.components.ComponentRegistrar" />
152-->[com.google.firebase:firebase-auth-ktx:21.0.1] AndroidManifest.xml:13:17-82
153            <meta-data
153-->[com.google.firebase:firebase-auth:21.0.1] AndroidManifest.xml:77:13-79:85
154                android:name="com.google.firebase.components:com.google.firebase.auth.FirebaseAuthRegistrar"
154-->[com.google.firebase:firebase-auth:21.0.1] AndroidManifest.xml:78:17-109
155                android:value="com.google.firebase.components.ComponentRegistrar" />
155-->[com.google.firebase:firebase-auth:21.0.1] AndroidManifest.xml:79:17-82
156            <meta-data
156-->[com.google.firebase:firebase-analytics-ktx:20.0.0] AndroidManifest.xml:11:13-13:85
157                android:name="com.google.firebase.components:com.google.firebase.analytics.ktx.FirebaseAnalyticsKtxRegistrar"
157-->[com.google.firebase:firebase-analytics-ktx:20.0.0] AndroidManifest.xml:12:17-126
158                android:value="com.google.firebase.components.ComponentRegistrar" />
158-->[com.google.firebase:firebase-analytics-ktx:20.0.0] AndroidManifest.xml:13:17-82
159            <meta-data
159-->[com.google.firebase:firebase-common-ktx:20.0.0] AndroidManifest.xml:15:13-17:85
160                android:name="com.google.firebase.components:com.google.firebase.ktx.FirebaseCommonKtxRegistrar"
160-->[com.google.firebase:firebase-common-ktx:20.0.0] AndroidManifest.xml:16:17-113
161                android:value="com.google.firebase.components.ComponentRegistrar" />
161-->[com.google.firebase:firebase-common-ktx:20.0.0] AndroidManifest.xml:17:17-82
162            <meta-data
162-->[com.google.android.gms:play-services-measurement-api:20.0.0] AndroidManifest.xml:30:13-32:85
163                android:name="com.google.firebase.components:com.google.firebase.analytics.connector.internal.AnalyticsConnectorRegistrar"
163-->[com.google.android.gms:play-services-measurement-api:20.0.0] AndroidManifest.xml:31:17-139
164                android:value="com.google.firebase.components.ComponentRegistrar" />
164-->[com.google.android.gms:play-services-measurement-api:20.0.0] AndroidManifest.xml:32:17-82
165            <meta-data
165-->[com.google.firebase:firebase-installations:17.0.0] AndroidManifest.xml:18:13-20:85
166                android:name="com.google.firebase.components:com.google.firebase.installations.FirebaseInstallationsRegistrar"
166-->[com.google.firebase:firebase-installations:17.0.0] AndroidManifest.xml:19:17-127
167                android:value="com.google.firebase.components.ComponentRegistrar" />
167-->[com.google.firebase:firebase-installations:17.0.0] AndroidManifest.xml:20:17-82
168        </service>
169
170        <activity
170-->[com.google.firebase:firebase-auth:21.0.1] AndroidManifest.xml:27:9-44:20
171            android:name="com.google.firebase.auth.internal.GenericIdpActivity"
171-->[com.google.firebase:firebase-auth:21.0.1] AndroidManifest.xml:28:13-80
172            android:excludeFromRecents="true"
172-->[com.google.firebase:firebase-auth:21.0.1] AndroidManifest.xml:29:13-46
173            android:exported="true"
173-->[com.google.firebase:firebase-auth:21.0.1] AndroidManifest.xml:30:13-36
174            android:launchMode="singleTask"
174-->[com.google.firebase:firebase-auth:21.0.1] AndroidManifest.xml:31:13-44
175            android:theme="@android:style/Theme.Translucent.NoTitleBar" >
175-->[com.google.firebase:firebase-auth:21.0.1] AndroidManifest.xml:32:13-72
176            <intent-filter>
176-->[com.google.firebase:firebase-auth:21.0.1] AndroidManifest.xml:33:13-43:29
177                <action android:name="android.intent.action.VIEW" />
177-->[com.google.firebase:firebase-auth:21.0.1] AndroidManifest.xml:34:17-69
177-->[com.google.firebase:firebase-auth:21.0.1] AndroidManifest.xml:34:25-66
178
179                <category android:name="android.intent.category.DEFAULT" />
179-->[com.google.firebase:firebase-auth:21.0.1] AndroidManifest.xml:36:17-76
179-->[com.google.firebase:firebase-auth:21.0.1] AndroidManifest.xml:36:27-73
180                <category android:name="android.intent.category.BROWSABLE" />
180-->[com.google.firebase:firebase-auth:21.0.1] AndroidManifest.xml:37:17-78
180-->[com.google.firebase:firebase-auth:21.0.1] AndroidManifest.xml:37:27-75
181
182                <data
182-->[com.google.firebase:firebase-auth:21.0.1] AndroidManifest.xml:39:17-42:51
183                    android:host="firebase.auth"
183-->[com.google.firebase:firebase-auth:21.0.1] AndroidManifest.xml:40:21-49
184                    android:path="/"
184-->[com.google.firebase:firebase-auth:21.0.1] AndroidManifest.xml:41:21-37
185                    android:scheme="genericidp" />
185-->[com.google.firebase:firebase-auth:21.0.1] AndroidManifest.xml:42:21-48
186            </intent-filter>
187        </activity>
188        <activity
188-->[com.google.firebase:firebase-auth:21.0.1] AndroidManifest.xml:45:9-62:20
189            android:name="com.google.firebase.auth.internal.RecaptchaActivity"
189-->[com.google.firebase:firebase-auth:21.0.1] AndroidManifest.xml:46:13-79
190            android:excludeFromRecents="true"
190-->[com.google.firebase:firebase-auth:21.0.1] AndroidManifest.xml:47:13-46
191            android:exported="true"
191-->[com.google.firebase:firebase-auth:21.0.1] AndroidManifest.xml:48:13-36
192            android:launchMode="singleTask"
192-->[com.google.firebase:firebase-auth:21.0.1] AndroidManifest.xml:49:13-44
193            android:theme="@android:style/Theme.Translucent.NoTitleBar" >
193-->[com.google.firebase:firebase-auth:21.0.1] AndroidManifest.xml:50:13-72
194            <intent-filter>
194-->[com.google.firebase:firebase-auth:21.0.1] AndroidManifest.xml:51:13-61:29
195                <action android:name="android.intent.action.VIEW" />
195-->[com.google.firebase:firebase-auth:21.0.1] AndroidManifest.xml:34:17-69
195-->[com.google.firebase:firebase-auth:21.0.1] AndroidManifest.xml:34:25-66
196
197                <category android:name="android.intent.category.DEFAULT" />
197-->[com.google.firebase:firebase-auth:21.0.1] AndroidManifest.xml:36:17-76
197-->[com.google.firebase:firebase-auth:21.0.1] AndroidManifest.xml:36:27-73
198                <category android:name="android.intent.category.BROWSABLE" />
198-->[com.google.firebase:firebase-auth:21.0.1] AndroidManifest.xml:37:17-78
198-->[com.google.firebase:firebase-auth:21.0.1] AndroidManifest.xml:37:27-75
199
200                <data
200-->[com.google.firebase:firebase-auth:21.0.1] AndroidManifest.xml:39:17-42:51
201                    android:host="firebase.auth"
201-->[com.google.firebase:firebase-auth:21.0.1] AndroidManifest.xml:40:21-49
202                    android:path="/"
202-->[com.google.firebase:firebase-auth:21.0.1] AndroidManifest.xml:41:21-37
203                    android:scheme="recaptcha" />
203-->[com.google.firebase:firebase-auth:21.0.1] AndroidManifest.xml:42:21-48
204            </intent-filter>
205        </activity>
206
207        <service
207-->[com.google.firebase:firebase-auth:21.0.1] AndroidManifest.xml:64:9-73:19
208            android:name="com.google.firebase.auth.api.fallback.service.FirebaseAuthFallbackService"
208-->[com.google.firebase:firebase-auth:21.0.1] AndroidManifest.xml:65:13-101
209            android:enabled="true"
209-->[com.google.firebase:firebase-auth:21.0.1] AndroidManifest.xml:66:13-35
210            android:exported="false" >
210-->[com.google.firebase:firebase-auth:21.0.1] AndroidManifest.xml:67:13-37
211            <intent-filter>
211-->[com.google.firebase:firebase-auth:21.0.1] AndroidManifest.xml:68:13-72:29
212                <action android:name="com.google.firebase.auth.api.gms.service.START" />
212-->[com.google.firebase:firebase-auth:21.0.1] AndroidManifest.xml:69:17-89
212-->[com.google.firebase:firebase-auth:21.0.1] AndroidManifest.xml:69:25-86
213
214                <category android:name="android.intent.category.DEFAULT" />
214-->[com.google.firebase:firebase-auth:21.0.1] AndroidManifest.xml:36:17-76
214-->[com.google.firebase:firebase-auth:21.0.1] AndroidManifest.xml:36:27-73
215            </intent-filter>
216        </service>
217
218        <activity
218-->[com.google.android.gms:play-services-base:18.0.1] AndroidManifest.xml:20:9-22:45
219            android:name="com.google.android.gms.common.api.GoogleApiActivity"
219-->[com.google.android.gms:play-services-base:18.0.1] AndroidManifest.xml:20:19-85
220            android:exported="false"
220-->[com.google.android.gms:play-services-base:18.0.1] AndroidManifest.xml:22:19-43
221            android:theme="@android:style/Theme.Translucent.NoTitleBar" />
221-->[com.google.android.gms:play-services-base:18.0.1] AndroidManifest.xml:21:19-78
222
223        <provider
223-->[com.google.firebase:firebase-common:20.0.0] AndroidManifest.xml:26:9-31:39
224            android:name="com.google.firebase.provider.FirebaseInitProvider"
224-->[com.google.firebase:firebase-common:20.0.0] AndroidManifest.xml:27:13-77
225            android:authorities="com.example.licenta.firebaseinitprovider"
225-->[com.google.firebase:firebase-common:20.0.0] AndroidManifest.xml:28:13-72
226            android:directBootAware="true"
226-->[com.google.firebase:firebase-common:20.0.0] AndroidManifest.xml:29:13-43
227            android:exported="false"
227-->[com.google.firebase:firebase-common:20.0.0] AndroidManifest.xml:30:13-37
228            android:initOrder="100" />
228-->[com.google.firebase:firebase-common:20.0.0] AndroidManifest.xml:31:13-36
229
230        <receiver
230-->[com.google.android.gms:play-services-measurement:20.0.0] AndroidManifest.xml:29:9-33:20
231            android:name="com.google.android.gms.measurement.AppMeasurementReceiver"
231-->[com.google.android.gms:play-services-measurement:20.0.0] AndroidManifest.xml:30:13-85
232            android:enabled="true"
232-->[com.google.android.gms:play-services-measurement:20.0.0] AndroidManifest.xml:31:13-35
233            android:exported="false" >
233-->[com.google.android.gms:play-services-measurement:20.0.0] AndroidManifest.xml:32:13-37
234        </receiver>
235
236        <service
236-->[com.google.android.gms:play-services-measurement:20.0.0] AndroidManifest.xml:35:9-38:40
237            android:name="com.google.android.gms.measurement.AppMeasurementService"
237-->[com.google.android.gms:play-services-measurement:20.0.0] AndroidManifest.xml:36:13-84
238            android:enabled="true"
238-->[com.google.android.gms:play-services-measurement:20.0.0] AndroidManifest.xml:37:13-35
239            android:exported="false" />
239-->[com.google.android.gms:play-services-measurement:20.0.0] AndroidManifest.xml:38:13-37
240        <service
240-->[com.google.android.gms:play-services-measurement:20.0.0] AndroidManifest.xml:39:9-43:72
241            android:name="com.google.android.gms.measurement.AppMeasurementJobService"
241-->[com.google.android.gms:play-services-measurement:20.0.0] AndroidManifest.xml:40:13-87
242            android:enabled="true"
242-->[com.google.android.gms:play-services-measurement:20.0.0] AndroidManifest.xml:41:13-35
243            android:exported="false"
243-->[com.google.android.gms:play-services-measurement:20.0.0] AndroidManifest.xml:42:13-37
244            android:permission="android.permission.BIND_JOB_SERVICE" />
244-->[com.google.android.gms:play-services-measurement:20.0.0] AndroidManifest.xml:43:13-69
245        <service
245-->[com.google.android.datatransport:transport-backend-cct:2.3.3] AndroidManifest.xml:29:9-35:19
246            android:name="com.google.android.datatransport.runtime.backends.TransportBackendDiscovery"
246-->[com.google.android.datatransport:transport-backend-cct:2.3.3] AndroidManifest.xml:30:13-103
247            android:exported="false" >
247-->[com.google.android.datatransport:transport-backend-cct:2.3.3] AndroidManifest.xml:31:13-37
248            <meta-data
248-->[com.google.android.datatransport:transport-backend-cct:2.3.3] AndroidManifest.xml:32:13-34:39
249                android:name="backend:com.google.android.datatransport.cct.CctBackendFactory"
249-->[com.google.android.datatransport:transport-backend-cct:2.3.3] AndroidManifest.xml:33:17-94
250                android:value="cct" />
250-->[com.google.android.datatransport:transport-backend-cct:2.3.3] AndroidManifest.xml:34:17-36
251        </service>
252
253        <provider
253-->[androidx.emoji2:emoji2:1.0.0] AndroidManifest.xml:26:9-34:20
254            android:name="androidx.startup.InitializationProvider"
254-->[androidx.emoji2:emoji2:1.0.0] AndroidManifest.xml:27:13-67
255            android:authorities="com.example.licenta.androidx-startup"
255-->[androidx.emoji2:emoji2:1.0.0] AndroidManifest.xml:28:13-68
256            android:exported="false" >
256-->[androidx.emoji2:emoji2:1.0.0] AndroidManifest.xml:29:13-37
257            <meta-data
257-->[androidx.emoji2:emoji2:1.0.0] AndroidManifest.xml:31:13-33:52
258                android:name="androidx.emoji2.text.EmojiCompatInitializer"
258-->[androidx.emoji2:emoji2:1.0.0] AndroidManifest.xml:32:17-75
259                android:value="androidx.startup" />
259-->[androidx.emoji2:emoji2:1.0.0] AndroidManifest.xml:33:17-49
260            <meta-data
260-->[androidx.lifecycle:lifecycle-process:2.4.0] AndroidManifest.xml:31:13-33:52
261                android:name="androidx.lifecycle.ProcessLifecycleInitializer"
261-->[androidx.lifecycle:lifecycle-process:2.4.0] AndroidManifest.xml:32:17-78
262                android:value="androidx.startup" />
262-->[androidx.lifecycle:lifecycle-process:2.4.0] AndroidManifest.xml:33:17-49
263        </provider>
264
265        <service
265-->[com.google.android.datatransport:transport-runtime:2.2.6] AndroidManifest.xml:26:9-30:19
266            android:name="com.google.android.datatransport.runtime.scheduling.jobscheduling.JobInfoSchedulerService"
266-->[com.google.android.datatransport:transport-runtime:2.2.6] AndroidManifest.xml:27:13-117
267            android:exported="false"
267-->[com.google.android.datatransport:transport-runtime:2.2.6] AndroidManifest.xml:28:13-37
268            android:permission="android.permission.BIND_JOB_SERVICE" >
268-->[com.google.android.datatransport:transport-runtime:2.2.6] AndroidManifest.xml:29:13-69
269        </service>
270
271        <receiver
271-->[com.google.android.datatransport:transport-runtime:2.2.6] AndroidManifest.xml:32:9-34:40
272            android:name="com.google.android.datatransport.runtime.scheduling.jobscheduling.AlarmManagerSchedulerBroadcastReceiver"
272-->[com.google.android.datatransport:transport-runtime:2.2.6] AndroidManifest.xml:33:13-132
273            android:exported="false" />
273-->[com.google.android.datatransport:transport-runtime:2.2.6] AndroidManifest.xml:34:13-37
274    </application>
275
276</manifest>